<?xml version="1.0" encoding="UTF-8"?>
<!-- Generated by org.testng.reporters.JUnitXMLReporter -->
<testsuite ignored="2" hostname="HCLLMDU0258" failures="0" tests="2" name="Test" time="74.364" errors="0" timestamp="2025-04-20T20:29:16 IST">
  <testcase classname="Test.TC_001_Test_SignUp_Option" name="checkingSignUpMenuAvailability" time="0.132"/>
  <testcase classname="Test.TC_007_InCart_product_check" name="checkingProductAddedInCart" time="65.876"/>
  <testcase classname="Base.DemoBlazeWebPage" name="@AfterSuite closeReport" time="0.0">
    <ignored/>
  </testcase> <!-- @AfterSuite closeReport -->
  <testcase classname="Base.DemoBlazeWebPage" name="@BeforeSuite reportInitialization" time="0.0">
    <ignored/>
  </testcase> <!-- @BeforeSuite reportInitialization -->
</testsuite> <!-- Test -->
