<?xml version="1.0" encoding="UTF-8"?>
<!-- Generated by org.testng.reporters.JUnitXMLReporter -->
<testsuite ignored="42" hostname="HCLLMDU0258" failures="0" tests="23" name="Test" time="316.135" errors="0" timestamp="2025-04-21T19:36:28 IST">
  <testcase classname="Test.TC_001_Test_001_SignUp_Option" name="checkingSignUpMenuAvailability" time="0.077"/>
  <testcase classname="Test.TC_001_Test_002_SignUp_Heading" name="checkingSignUpPopUpHeading" time="5.137"/>
  <testcase classname="Test.TC_001_Test_003_SignUpTest_Invalid_Scenario1" name="signUpTestInvalid" time="3.474"/>
  <testcase classname="Test.TC_001_Test_004_SignUpTest_Invalid_Scenario2" name="signUpTestInvalid" time="3.51"/>
  <testcase classname="Test.TC_001_Test_005_SignUpTest_Invalid_Scenario3" name="signUpTestInvalid" time="3.522"/>
  <testcase classname="Test.TC_001_Test_006_SignUpTest_Valid_Scenario" name="signUpTest" time="3.454"/>
  <testcase classname="Test.TC_001_Test_006_SignUpTest_Valid_Scenario" name="signUpTest" time="3.519"/>
  <testcase classname="Test.TC_002_Test_001_Verify_Login_Option" name="checkingLoginMenuIsAvailable" time="0.031"/>
  <testcase classname="Test.TC_002_Test_002_Verify_Login_Pop_up_Heading" name="checkingLoginPopUpHeading" time="5.141"/>
  <testcase classname="Test.TC_002_Test_003_Login_with_Invalid_credentials" name="LoginWithInValidcredentials" time="6.497"/>
  <testcase classname="Test.TC_002_Test_004_Login_with_Invalid_credentials_as_username_as_empty" name="LoginWithEmptyCredential" time="6.609"/>
  <testcase classname="Test.TC_002_Test_005_Check_login_with_password_as_empty" name="LoginWithEmptyCredential" time="6.558"/>
  <testcase classname="Test.TC_002_Test_006_Login_with_valid_Credentials" name="LoginWithValidCredentials" time="6.569"/>
  <testcase classname="Test.TC_002_Test_007_Login_with_Invalid_credential1" name="LoginWithEmptyCredential" time="6.59"/>
  <testcase classname="Test.TC_003_Test_001_Logo_check" name="checkingLogo" time="0.096"/>
  <testcase classname="Test.TC_003_Test_002_Menu_Check" name="checkingMenu" time="0.179"/>
  <testcase classname="Test.TC_003_Test_003_Category_check" name="checingCategoryOptions" time="0.157"/>
  <testcase classname="Test.TC_004_Test_001_Product_Phone_details_check" name="checkingProductDetails" time="10.481"/>
  <testcase classname="Test.TC_004_Test_002_Product_Laptop_details_check" name="checkingLaptopProductDetails" time="8.086"/>
  <testcase classname="Test.TC_004_Test_003_Product_Monitor_details_check" name="checkingMonitorProductDetails" time="13.32"/>
  <testcase classname="Test.TC_005_Test_001_Adding_Product_In_Cart_delete_cart_and_check_total" name="checkingProductAddedInCart" time="76.129"/>
  <testcase classname="Test.TC_006_Test_001_Place_order_with_purchase" name="PurchasingOrder" time="51.756"/>
  <testcase classname="Test.TC_007_Test_001_Verify_logout" name="checkingLogout" time="12.59"/>
  <testcase classname="Base.DemoBlazeWebPage" name="@BeforeSuite reportInitialization" time="0.0">
    <ignored/>
  </testcase> <!-- @BeforeSuite reportInitialization -->
  <testcase classname="Base.DemoBlazeWebPage" name="@BeforeSuite reportInitialization" time="0.0">
    <ignored/>
  </testcase> <!-- @BeforeSuite reportInitialization -->
  <testcase classname="Base.DemoBlazeWebPage" name="@AfterSuite closeReport" time="0.0">
    <ignored/>
  </testcase> <!-- @AfterSuite closeReport -->
  <testcase classname="Base.DemoBlazeWebPage" name="@BeforeSuite reportInitialization" time="0.0">
    <ignored/>
  </testcase> <!-- @BeforeSuite reportInitialization -->
  <testcase classname="Base.DemoBlazeWebPage" name="@BeforeSuite reportInitialization" time="0.0">
    <ignored/>
  </testcase> <!-- @BeforeSuite reportInitialization -->
  <testcase classname="Base.DemoBlazeWebPage" name="@BeforeSuite reportInitialization" time="0.0">
    <ignored/>
  </testcase> <!-- @BeforeSuite reportInitialization -->
  <testcase classname="Base.DemoBlazeWebPage" name="@AfterSuite closeReport" time="0.0">
    <ignored/>
  </testcase> <!-- @AfterSuite closeReport -->
  <testcase classname="Base.DemoBlazeWebPage" name="@BeforeSuite reportInitialization" time="0.0">
    <ignored/>
  </testcase> <!-- @BeforeSuite reportInitialization -->
  <testcase classname="Base.DemoBlazeWebPage" name="@AfterSuite closeReport" time="0.0">
    <ignored/>
  </testcase> <!-- @AfterSuite closeReport -->
  <testcase classname="Base.DemoBlazeWebPage" name="@AfterSuite closeReport" time="0.0">
    <ignored/>
  </testcase> <!-- @AfterSuite closeReport -->
  <testcase classname="Base.DemoBlazeWebPage" name="@AfterSuite closeReport" time="0.0">
    <ignored/>
  </testcase> <!-- @AfterSuite closeReport -->
  <testcase classname="Base.DemoBlazeWebPage" name="@BeforeSuite reportInitialization" time="0.0">
    <ignored/>
  </testcase> <!-- @BeforeSuite reportInitialization -->
  <testcase classname="Base.DemoBlazeWebPage" name="@BeforeSuite reportInitialization" time="0.0">
    <ignored/>
  </testcase> <!-- @BeforeSuite reportInitialization -->
  <testcase classname="Base.DemoBlazeWebPage" name="@AfterSuite closeReport" time="0.0">
    <ignored/>
  </testcase> <!-- @AfterSuite closeReport -->
  <testcase classname="Base.DemoBlazeWebPage" name="@BeforeSuite reportInitialization" time="0.0">
    <ignored/>
  </testcase> <!-- @BeforeSuite reportInitialization -->
  <testcase classname="Base.DemoBlazeWebPage" name="@AfterSuite closeReport" time="0.0">
    <ignored/>
  </testcase> <!-- @AfterSuite closeReport -->
  <testcase classname="Base.DemoBlazeWebPage" name="@BeforeSuite reportInitialization" time="0.0">
    <ignored/>
  </testcase> <!-- @BeforeSuite reportInitialization -->
  <testcase classname="Base.DemoBlazeWebPage" name="@AfterSuite closeReport" time="0.0">
    <ignored/>
  </testcase> <!-- @AfterSuite closeReport -->
  <testcase classname="Base.DemoBlazeWebPage" name="@AfterSuite closeReport" time="0.0">
    <ignored/>
  </testcase> <!-- @AfterSuite closeReport -->
  <testcase classname="Base.DemoBlazeWebPage" name="@BeforeSuite reportInitialization" time="0.0">
    <ignored/>
  </testcase> <!-- @BeforeSuite reportInitialization -->
  <testcase classname="Base.DemoBlazeWebPage" name="@AfterSuite closeReport" time="0.0">
    <ignored/>
  </testcase> <!-- @AfterSuite closeReport -->
  <testcase classname="Base.DemoBlazeWebPage" name="@AfterSuite closeReport" time="0.0">
    <ignored/>
  </testcase> <!-- @AfterSuite closeReport -->
  <testcase classname="Base.DemoBlazeWebPage" name="@AfterSuite closeReport" time="0.0">
    <ignored/>
  </testcase> <!-- @AfterSuite closeReport -->
  <testcase classname="Base.DemoBlazeWebPage" name="@BeforeSuite reportInitialization" time="0.0">
    <ignored/>
  </testcase> <!-- @BeforeSuite reportInitialization -->
  <testcase classname="Base.DemoBlazeWebPage" name="@AfterSuite closeReport" time="0.0">
    <ignored/>
  </testcase> <!-- @AfterSuite closeReport -->
  <testcase classname="Base.DemoBlazeWebPage" name="@BeforeSuite reportInitialization" time="0.0">
    <ignored/>
  </testcase> <!-- @BeforeSuite reportInitialization -->
  <testcase classname="Base.DemoBlazeWebPage" name="@AfterSuite closeReport" time="0.0">
    <ignored/>
  </testcase> <!-- @AfterSuite closeReport -->
  <testcase classname="Base.DemoBlazeWebPage" name="@AfterSuite closeReport" time="0.0">
    <ignored/>
  </testcase> <!-- @AfterSuite closeReport -->
  <testcase classname="Base.DemoBlazeWebPage" name="@AfterSuite closeReport" time="0.0">
    <ignored/>
  </testcase> <!-- @AfterSuite closeReport -->
  <testcase classname="Base.DemoBlazeWebPage" name="@AfterSuite closeReport" time="0.0">
    <ignored/>
  </testcase> <!-- @AfterSuite closeReport -->
  <testcase classname="Base.DemoBlazeWebPage" name="@BeforeSuite reportInitialization" time="0.0">
    <ignored/>
  </testcase> <!-- @BeforeSuite reportInitialization -->
  <testcase classname="Base.DemoBlazeWebPage" name="@AfterSuite closeReport" time="0.0">
    <ignored/>
  </testcase> <!-- @AfterSuite closeReport -->
  <testcase classname="Base.DemoBlazeWebPage" name="@AfterSuite closeReport" time="0.0">
    <ignored/>
  </testcase> <!-- @AfterSuite closeReport -->
  <testcase classname="Base.DemoBlazeWebPage" name="@BeforeSuite reportInitialization" time="0.0">
    <ignored/>
  </testcase> <!-- @BeforeSuite reportInitialization -->
  <testcase classname="Base.DemoBlazeWebPage" name="@BeforeSuite reportInitialization" time="0.0">
    <ignored/>
  </testcase> <!-- @BeforeSuite reportInitialization -->
  <testcase classname="Base.DemoBlazeWebPage" name="@BeforeSuite reportInitialization" time="0.0">
    <ignored/>
  </testcase> <!-- @BeforeSuite reportInitialization -->
  <testcase classname="Base.DemoBlazeWebPage" name="@AfterSuite closeReport" time="0.0">
    <ignored/>
  </testcase> <!-- @AfterSuite closeReport -->
  <testcase classname="Base.DemoBlazeWebPage" name="@BeforeSuite reportInitialization" time="0.0">
    <ignored/>
  </testcase> <!-- @BeforeSuite reportInitialization -->
  <testcase classname="Base.DemoBlazeWebPage" name="@BeforeSuite reportInitialization" time="0.0">
    <ignored/>
  </testcase> <!-- @BeforeSuite reportInitialization -->
  <testcase classname="Base.DemoBlazeWebPage" name="@BeforeSuite reportInitialization" time="0.0">
    <ignored/>
  </testcase> <!-- @BeforeSuite reportInitialization -->
  <testcase classname="Base.DemoBlazeWebPage" name="@AfterSuite closeReport" time="0.0">
    <ignored/>
  </testcase> <!-- @AfterSuite closeReport -->
  <testcase classname="Base.DemoBlazeWebPage" name="@BeforeSuite reportInitialization" time="0.0">
    <ignored/>
  </testcase> <!-- @BeforeSuite reportInitialization -->
</testsuite> <!-- Test -->
